<?xml version="1.0" encoding="UTF-8"?>
<!-- Generated by org.testng.reporters.JUnitReportReporter -->
<testsuite hostname="DESKTOP-B2JA5BI" failures="0" tests="3" name="com.qa.runner.TestRunner" time="28.084" errors="0" timestamp="2025-11-06T15:30:01 IST" skipped="0">
  <testcase classname="com.qa.runner.TestRunner" name="runScenario" time="23.403"/>
  <testcase classname="com.qa.runner.TestRunner" name="runScenario" time="2.023"/>
  <testcase classname="com.qa.runner.TestRunner" name="runScenario" time="2.658"/>
</testsuite> <!-- com.qa.runner.TestRunner -->
