<?xml version="1.0" encoding="UTF-8"?>
<!-- Generated by org.testng.reporters.JUnitReportReporter -->
<testsuite hostname="DESKTOP-B2JA5BI" failures="0" tests="3" name="com.qa.runner.TestRunner" time="27.149" errors="0" timestamp="2025-11-12T15:39:41 IST" skipped="0">
  <testcase classname="com.qa.runner.TestRunner" name="runScenario" time="1.978"/>
  <testcase classname="com.qa.runner.TestRunner" name="runScenario" time="22.574"/>
  <testcase classname="com.qa.runner.TestRunner" name="runScenario" time="2.597"/>
</testsuite> <!-- com.qa.runner.TestRunner -->
